<?xml version="1.0" encoding="UTF-8"?>
<testsuite xmlns:xsi="http://www.w3.org/2001/XMLSchema-instance" xsi:noNamespaceSchemaLocation="https://maven.apache.org/surefire/maven-surefire-plugin/xsd/surefire-test-report.xsd" name="com.demotest.DemoHelloApplicationTests" time="13.223" tests="2" errors="0" skipped="0" failures="0">
  <properties>
    <property name="awt.toolkit" value="sun.awt.X11.XToolkit"/>
    <property name="java.specification.version" value="1.8"/>
    <property name="file.encoding.pkg" value="sun.io"/>
    <property name="sun.jnu.encoding" value="ANSI_X3.4-1968"/>
    <property name="java.class.path" value="/tmp/code/provider/target/test-classes:/tmp/code/provider/target/classes:/root/.m2/repository/org/springframework/boot/spring-boot-starter-web/2.0.4.RELEASE/spring-boot-starter-web-2.0.4.RELEASE.jar:/root/.m2/repository/org/springframework/boot/spring-boot-starter/2.0.4.RELEASE/spring-boot-starter-2.0.4.RELEASE.jar:/root/.m2/repository/org/springframework/boot/spring-boot/2.0.4.RELEASE/spring-boot-2.0.4.RELEASE.jar:/root/.m2/repository/org/springframework/boot/spring-boot-autoconfigure/2.0.4.RELEASE/spring-boot-autoconfigure-2.0.4.RELEASE.jar:/root/.m2/repository/org/springframework/boot/spring-boot-starter-logging/2.0.4.RELEASE/spring-boot-starter-logging-2.0.4.RELEASE.jar:/root/.m2/repository/ch/qos/logback/logback-classic/1.2.3/logback-classic-1.2.3.jar:/root/.m2/repository/ch/qos/logback/logback-core/1.2.3/logback-core-1.2.3.jar:/root/.m2/repository/org/apache/logging/log4j/log4j-to-slf4j/2.10.0/log4j-to-slf4j-2.10.0.jar:/root/.m2/repository/org/apache/logging/log4j/log4j-api/2.10.0/log4j-api-2.10.0.jar:/root/.m2/repository/org/slf4j/jul-to-slf4j/1.7.25/jul-to-slf4j-1.7.25.jar:/root/.m2/repository/javax/annotation/javax.annotation-api/1.3.2/javax.annotation-api-1.3.2.jar:/root/.m2/repository/org/yaml/snakeyaml/1.19/snakeyaml-1.19.jar:/root/.m2/repository/org/springframework/boot/spring-boot-starter-json/2.0.4.RELEASE/spring-boot-starter-json-2.0.4.RELEASE.jar:/root/.m2/repository/com/fasterxml/jackson/core/jackson-databind/2.9.6/jackson-databind-2.9.6.jar:/root/.m2/repository/com/fasterxml/jackson/core/jackson-annotations/2.9.0/jackson-annotations-2.9.0.jar:/root/.m2/repository/com/fasterxml/jackson/core/jackson-core/2.9.6/jackson-core-2.9.6.jar:/root/.m2/repository/com/fasterxml/jackson/datatype/jackson-datatype-jdk8/2.9.6/jackson-datatype-jdk8-2.9.6.jar:/root/.m2/repository/com/fasterxml/jackson/datatype/jackson-datatype-jsr310/2.9.6/jackson-datatype-jsr310-2.9.6.jar:/root/.m2/repository/com/fasterxml/jackson/module/jackson-module-parameter-names/2.9.6/jackson-module-parameter-names-2.9.6.jar:/root/.m2/repository/org/springframework/boot/spring-boot-starter-tomcat/2.0.4.RELEASE/spring-boot-starter-tomcat-2.0.4.RELEASE.jar:/root/.m2/repository/org/apache/tomcat/embed/tomcat-embed-core/8.5.32/tomcat-embed-core-8.5.32.jar:/root/.m2/repository/org/apache/tomcat/embed/tomcat-embed-el/8.5.32/tomcat-embed-el-8.5.32.jar:/root/.m2/repository/org/apache/tomcat/embed/tomcat-embed-websocket/8.5.32/tomcat-embed-websocket-8.5.32.jar:/root/.m2/repository/org/hibernate/validator/hibernate-validator/6.0.11.Final/hibernate-validator-6.0.11.Final.jar:/root/.m2/repository/javax/validation/validation-api/2.0.1.Final/validation-api-2.0.1.Final.jar:/root/.m2/repository/org/jboss/logging/jboss-logging/3.3.2.Final/jboss-logging-3.3.2.Final.jar:/root/.m2/repository/com/fasterxml/classmate/1.3.4/classmate-1.3.4.jar:/root/.m2/repository/org/springframework/spring-web/5.0.8.RELEASE/spring-web-5.0.8.RELEASE.jar:/root/.m2/repository/org/springframework/spring-beans/5.0.8.RELEASE/spring-beans-5.0.8.RELEASE.jar:/root/.m2/repository/org/springframework/spring-webmvc/5.0.8.RELEASE/spring-webmvc-5.0.8.RELEASE.jar:/root/.m2/repository/org/springframework/spring-aop/5.0.8.RELEASE/spring-aop-5.0.8.RELEASE.jar:/root/.m2/repository/org/springframework/spring-context/5.0.8.RELEASE/spring-context-5.0.8.RELEASE.jar:/root/.m2/repository/org/springframework/spring-expression/5.0.8.RELEASE/spring-expression-5.0.8.RELEASE.jar:/root/.m2/repository/javax/xml/bind/jaxb-api/2.3.0/jaxb-api-2.3.0.jar:/root/.m2/repository/com/sun/xml/bind/jaxb-impl/2.3.0/jaxb-impl-2.3.0.jar:/root/.m2/repository/com/sun/xml/bind/jaxb-core/2.3.0/jaxb-core-2.3.0.jar:/root/.m2/repository/javax/activation/activation/1.1.1/activation-1.1.1.jar:/root/.m2/repository/org/springframework/boot/spring-boot-starter-test/2.0.4.RELEASE/spring-boot-starter-test-2.0.4.RELEASE.jar:/root/.m2/repository/org/springframework/boot/spring-boot-test/2.0.4.RELEASE/spring-boot-test-2.0.4.RELEASE.jar:/root/.m2/repository/org/springframework/boot/spring-boot-test-autoconfigure/2.0.4.RELEASE/spring-boot-test-autoconfigure-2.0.4.RELEASE.jar:/root/.m2/repository/com/jayway/jsonpath/json-path/2.4.0/json-path-2.4.0.jar:/root/.m2/repository/net/minidev/json-smart/2.3/json-smart-2.3.jar:/root/.m2/repository/net/minidev/accessors-smart/1.2/accessors-smart-1.2.jar:/root/.m2/repository/org/ow2/asm/asm/5.0.4/asm-5.0.4.jar:/root/.m2/repository/org/slf4j/slf4j-api/1.7.25/slf4j-api-1.7.25.jar:/root/.m2/repository/junit/junit/4.12/junit-4.12.jar:/root/.m2/repository/org/assertj/assertj-core/3.9.1/assertj-core-3.9.1.jar:/root/.m2/repository/org/mockito/mockito-core/2.15.0/mockito-core-2.15.0.jar:/root/.m2/repository/net/bytebuddy/byte-buddy/1.7.11/byte-buddy-1.7.11.jar:/root/.m2/repository/net/bytebuddy/byte-buddy-agent/1.7.11/byte-buddy-agent-1.7.11.jar:/root/.m2/repository/org/objenesis/objenesis/2.6/objenesis-2.6.jar:/root/.m2/repository/org/hamcrest/hamcrest-core/1.3/hamcrest-core-1.3.jar:/root/.m2/repository/org/hamcrest/hamcrest-library/1.3/hamcrest-library-1.3.jar:/root/.m2/repository/org/skyscreamer/jsonassert/1.5.0/jsonassert-1.5.0.jar:/root/.m2/repository/com/vaadin/external/google/android-json/0.0.20131108.vaadin1/android-json-0.0.20131108.vaadin1.jar:/root/.m2/repository/org/springframework/spring-core/5.0.8.RELEASE/spring-core-5.0.8.RELEASE.jar:/root/.m2/repository/org/springframework/spring-jcl/5.0.8.RELEASE/spring-jcl-5.0.8.RELEASE.jar:/root/.m2/repository/org/springframework/spring-test/5.0.8.RELEASE/spring-test-5.0.8.RELEASE.jar:/root/.m2/repository/org/xmlunit/xmlunit-core/2.5.1/xmlunit-core-2.5.1.jar:"/>
    <property name="java.vm.vendor" value="IBM Corporation"/>
    <property name="com.ibm.zero.version" value="2"/>
    <property name="sun.arch.data.model" value="64"/>
    <property name="com.ibm.vm.bitmode" value="64"/>
    <property name="user.variant" value=""/>
    <property name="com.ibm.oti.vm.library.version" value="29"/>
    <property name="java.vendor.url" value="http://www.ibm.com"/>
    <property name="user.timezone" value=""/>
    <property name="os.name" value="Linux"/>
    <property name="java.vm.specification.version" value="1.8"/>
    <property name="sun.java.launcher" value="SUN_STANDARD"/>
    <property name="user.country" value="US"/>
    <property name="sun.boot.library.path" value="/opt/ibm/java/jre/lib/amd64/compressedrefs:/opt/ibm/java/jre/lib/amd64"/>
    <property name="sun.java.command" value="/tmp/code/provider/target/surefire/surefirebooter7942595828286514355.jar /tmp/code/provider/target/surefire 2019-07-04T09-28-21_697-jvmRun1 surefire4855890811804835193tmp surefire_0941844434389108182tmp"/>
    <property name="surefire.test.class.path" value="/tmp/code/provider/target/test-classes:/tmp/code/provider/target/classes:/root/.m2/repository/org/springframework/boot/spring-boot-starter-web/2.0.4.RELEASE/spring-boot-starter-web-2.0.4.RELEASE.jar:/root/.m2/repository/org/springframework/boot/spring-boot-starter/2.0.4.RELEASE/spring-boot-starter-2.0.4.RELEASE.jar:/root/.m2/repository/org/springframework/boot/spring-boot/2.0.4.RELEASE/spring-boot-2.0.4.RELEASE.jar:/root/.m2/repository/org/springframework/boot/spring-boot-autoconfigure/2.0.4.RELEASE/spring-boot-autoconfigure-2.0.4.RELEASE.jar:/root/.m2/repository/org/springframework/boot/spring-boot-starter-logging/2.0.4.RELEASE/spring-boot-starter-logging-2.0.4.RELEASE.jar:/root/.m2/repository/ch/qos/logback/logback-classic/1.2.3/logback-classic-1.2.3.jar:/root/.m2/repository/ch/qos/logback/logback-core/1.2.3/logback-core-1.2.3.jar:/root/.m2/repository/org/apache/logging/log4j/log4j-to-slf4j/2.10.0/log4j-to-slf4j-2.10.0.jar:/root/.m2/repository/org/apache/logging/log4j/log4j-api/2.10.0/log4j-api-2.10.0.jar:/root/.m2/repository/org/slf4j/jul-to-slf4j/1.7.25/jul-to-slf4j-1.7.25.jar:/root/.m2/repository/javax/annotation/javax.annotation-api/1.3.2/javax.annotation-api-1.3.2.jar:/root/.m2/repository/org/yaml/snakeyaml/1.19/snakeyaml-1.19.jar:/root/.m2/repository/org/springframework/boot/spring-boot-starter-json/2.0.4.RELEASE/spring-boot-starter-json-2.0.4.RELEASE.jar:/root/.m2/repository/com/fasterxml/jackson/core/jackson-databind/2.9.6/jackson-databind-2.9.6.jar:/root/.m2/repository/com/fasterxml/jackson/core/jackson-annotations/2.9.0/jackson-annotations-2.9.0.jar:/root/.m2/repository/com/fasterxml/jackson/core/jackson-core/2.9.6/jackson-core-2.9.6.jar:/root/.m2/repository/com/fasterxml/jackson/datatype/jackson-datatype-jdk8/2.9.6/jackson-datatype-jdk8-2.9.6.jar:/root/.m2/repository/com/fasterxml/jackson/datatype/jackson-datatype-jsr310/2.9.6/jackson-datatype-jsr310-2.9.6.jar:/root/.m2/repository/com/fasterxml/jackson/module/jackson-module-parameter-names/2.9.6/jackson-module-parameter-names-2.9.6.jar:/root/.m2/repository/org/springframework/boot/spring-boot-starter-tomcat/2.0.4.RELEASE/spring-boot-starter-tomcat-2.0.4.RELEASE.jar:/root/.m2/repository/org/apache/tomcat/embed/tomcat-embed-core/8.5.32/tomcat-embed-core-8.5.32.jar:/root/.m2/repository/org/apache/tomcat/embed/tomcat-embed-el/8.5.32/tomcat-embed-el-8.5.32.jar:/root/.m2/repository/org/apache/tomcat/embed/tomcat-embed-websocket/8.5.32/tomcat-embed-websocket-8.5.32.jar:/root/.m2/repository/org/hibernate/validator/hibernate-validator/6.0.11.Final/hibernate-validator-6.0.11.Final.jar:/root/.m2/repository/javax/validation/validation-api/2.0.1.Final/validation-api-2.0.1.Final.jar:/root/.m2/repository/org/jboss/logging/jboss-logging/3.3.2.Final/jboss-logging-3.3.2.Final.jar:/root/.m2/repository/com/fasterxml/classmate/1.3.4/classmate-1.3.4.jar:/root/.m2/repository/org/springframework/spring-web/5.0.8.RELEASE/spring-web-5.0.8.RELEASE.jar:/root/.m2/repository/org/springframework/spring-beans/5.0.8.RELEASE/spring-beans-5.0.8.RELEASE.jar:/root/.m2/repository/org/springframework/spring-webmvc/5.0.8.RELEASE/spring-webmvc-5.0.8.RELEASE.jar:/root/.m2/repository/org/springframework/spring-aop/5.0.8.RELEASE/spring-aop-5.0.8.RELEASE.jar:/root/.m2/repository/org/springframework/spring-context/5.0.8.RELEASE/spring-context-5.0.8.RELEASE.jar:/root/.m2/repository/org/springframework/spring-expression/5.0.8.RELEASE/spring-expression-5.0.8.RELEASE.jar:/root/.m2/repository/javax/xml/bind/jaxb-api/2.3.0/jaxb-api-2.3.0.jar:/root/.m2/repository/com/sun/xml/bind/jaxb-impl/2.3.0/jaxb-impl-2.3.0.jar:/root/.m2/repository/com/sun/xml/bind/jaxb-core/2.3.0/jaxb-core-2.3.0.jar:/root/.m2/repository/javax/activation/activation/1.1.1/activation-1.1.1.jar:/root/.m2/repository/org/springframework/boot/spring-boot-starter-test/2.0.4.RELEASE/spring-boot-starter-test-2.0.4.RELEASE.jar:/root/.m2/repository/org/springframework/boot/spring-boot-test/2.0.4.RELEASE/spring-boot-test-2.0.4.RELEASE.jar:/root/.m2/repository/org/springframework/boot/spring-boot-test-autoconfigure/2.0.4.RELEASE/spring-boot-test-autoconfigure-2.0.4.RELEASE.jar:/root/.m2/repository/com/jayway/jsonpath/json-path/2.4.0/json-path-2.4.0.jar:/root/.m2/repository/net/minidev/json-smart/2.3/json-smart-2.3.jar:/root/.m2/repository/net/minidev/accessors-smart/1.2/accessors-smart-1.2.jar:/root/.m2/repository/org/ow2/asm/asm/5.0.4/asm-5.0.4.jar:/root/.m2/repository/org/slf4j/slf4j-api/1.7.25/slf4j-api-1.7.25.jar:/root/.m2/repository/junit/junit/4.12/junit-4.12.jar:/root/.m2/repository/org/assertj/assertj-core/3.9.1/assertj-core-3.9.1.jar:/root/.m2/repository/org/mockito/mockito-core/2.15.0/mockito-core-2.15.0.jar:/root/.m2/repository/net/bytebuddy/byte-buddy/1.7.11/byte-buddy-1.7.11.jar:/root/.m2/repository/net/bytebuddy/byte-buddy-agent/1.7.11/byte-buddy-agent-1.7.11.jar:/root/.m2/repository/org/objenesis/objenesis/2.6/objenesis-2.6.jar:/root/.m2/repository/org/hamcrest/hamcrest-core/1.3/hamcrest-core-1.3.jar:/root/.m2/repository/org/hamcrest/hamcrest-library/1.3/hamcrest-library-1.3.jar:/root/.m2/repository/org/skyscreamer/jsonassert/1.5.0/jsonassert-1.5.0.jar:/root/.m2/repository/com/vaadin/external/google/android-json/0.0.20131108.vaadin1/android-json-0.0.20131108.vaadin1.jar:/root/.m2/repository/org/springframework/spring-core/5.0.8.RELEASE/spring-core-5.0.8.RELEASE.jar:/root/.m2/repository/org/springframework/spring-jcl/5.0.8.RELEASE/spring-jcl-5.0.8.RELEASE.jar:/root/.m2/repository/org/springframework/spring-test/5.0.8.RELEASE/spring-test-5.0.8.RELEASE.jar:/root/.m2/repository/org/xmlunit/xmlunit-core/2.5.1/xmlunit-core-2.5.1.jar:"/>
    <property name="sun.cpu.endian" value="little"/>
    <property name="user.home" value="/root"/>
    <property name="user.language" value="en"/>
    <property name="java.util.prefs.PreferencesFactory" value="java.util.prefs.FileSystemPreferencesFactory"/>
    <property name="java.specification.vendor" value="Oracle Corporation"/>
    <property name="java.home" value="/opt/ibm/java/jre"/>
    <property name="ibm.signalhandling.rs" value="false"/>
    <property name="file.separator" value="/"/>
    <property name="basedir" value="/tmp/code/provider"/>
    <property name="line.separator" value="&#10;"/>
    <property name="java.vm.specification.vendor" value="Oracle Corporation"/>
    <property name="java.specification.name" value="Java Platform API Specification"/>
    <property name="java.compiler" value="j9jit29"/>
    <property name="com.ibm.util.extralibs.properties" value=""/>
    <property name="sun.java.launcher.pid" value="232"/>
    <property name="java.awt.graphicsenv" value="sun.awt.X11GraphicsEnvironment"/>
    <property name="com.ibm.oti.configuration" value="scar"/>
    <property name="java.awt.fonts" value=""/>
    <property name="surefire.real.class.path" value="/tmp/code/provider/target/surefire/surefirebooter7942595828286514355.jar"/>
    <property name="com.ibm.oti.shared.enabled" value="false"/>
    <property name="sun.boot.class.path" value="/opt/ibm/java/jre/lib/amd64/compressedrefs/jclSC180/vm.jar:/opt/ibm/java/jre/lib/se-service.jar:/opt/ibm/java/jre/lib/cuda4j.jar:/opt/ibm/java/jre/lib/math.jar:/opt/ibm/java/jre/lib/ibmorb.jar:/opt/ibm/java/jre/lib/ibmorbapi.jar:/opt/ibm/java/jre/lib/ibmcfw.jar:/opt/ibm/java/jre/lib/ibmpkcs.jar:/opt/ibm/java/jre/lib/ibmcertpathfw.jar:/opt/ibm/java/jre/lib/ibmjgssfw.jar:/opt/ibm/java/jre/lib/ibmjssefw.jar:/opt/ibm/java/jre/lib/ibmsaslfw.jar:/opt/ibm/java/jre/lib/ibmjcefw.jar:/opt/ibm/java/jre/lib/ibmjgssprovider.jar:/opt/ibm/java/jre/lib/ibmjsseprovider2.jar:/opt/ibm/java/jre/lib/ibmcertpathprovider.jar:/opt/ibm/java/jre/lib/xmldsigfw.jar:/opt/ibm/java/jre/lib/xml.jar:/opt/ibm/java/jre/lib/charsets.jar:/opt/ibm/java/jre/lib/resources.jar:/opt/ibm/java/jre/lib/rt.jar:/opt/ibm/java/jre/lib/dataaccess.jar"/>
    <property name="com.ibm.oti.vm.bootstrap.library.path" value="/opt/ibm/java/jre/lib/amd64/compressedrefs:/opt/ibm/java/jre/lib/amd64"/>
    <property name="com.ibm.cpu.endian" value="little"/>
    <property name="java.fullversion" value="8.0.5.11 - pxa6480sr5fp11-20180326_01(SR5 FP11)&#10;JRE 1.8.0 Linux amd64-64 Compressed References 20180309_380776 (JIT enabled, AOT enabled)&#10;OpenJ9   - 49fcaf39&#10;OMR      - 5cbbadf&#10;IBM      - 4453dac"/>
    <property name="java.runtime.version" value="8.0.5.11 - pxa6480sr5fp11-20180326_01(SR5 FP11)"/>
    <property name="user.name" value="root"/>
    <property name="path.separator" value=":"/>
    <property name="os.version" value="4.9.125-linuxkit"/>
    <property name="java.endorsed.dirs" value="/opt/ibm/java/jre/lib/endorsed"/>
    <property name="java.runtime.name" value="Java(TM) SE Runtime Environment"/>
    <property name="ibm.signalhandling.sigint" value="true"/>
    <property name="file.encoding" value="ANSI_X3.4-1968"/>
    <property name="java.vm.name" value="IBM J9 VM"/>
    <property name="ibm.signalhandling.sigchain" value="true"/>
    <property name="localRepository" value="/root/.m2/repository"/>
    <property name="java.io.tmpdir" value="/tmp"/>
    <property name="java.version" value="1.8.0_161"/>
    <property name="com.ibm.system.agent.path" value="/opt/ibm/java/jre/lib/amd64"/>
    <property name="user.dir" value="/tmp/code/provider"/>
    <property name="os.arch" value="amd64"/>
    <property name="java.vm.specification.name" value="Java Virtual Machine Specification"/>
    <property name="java.awt.printerjob" value="sun.print.PSPrinterJob"/>
    <property name="os.encoding" value="ANSI_X3.4-1968"/>
    <property name="java.library.path" value="/opt/ibm/java/jre/lib/amd64/compressedrefs:/opt/ibm/java/jre/lib/amd64:/usr/lib64:/usr/lib"/>
    <property name="java.vendor" value="IBM Corporation"/>
    <property name="java.vm.info" value="JRE 1.8.0 Linux amd64-64 Compressed References 20180309_380776 (JIT enabled, AOT enabled)&#10;OpenJ9   - 49fcaf39&#10;OMR      - 5cbbadf&#10;IBM      - 4453dac"/>
    <property name="java.vm.version" value="2.9"/>
    <property name="com.ibm.jcl.checkClassPath" value=""/>
    <property name="ibm.system.encoding" value="ANSI_X3.4-1968"/>
    <property name="sun.io.unicode.encoding" value="UnicodeLittle"/>
    <property name="java.ext.dirs" value="/opt/ibm/java/jre/lib/ext"/>
    <property name="java.class.version" value="52.0"/>
  </properties>
  <testcase name="testOne" classname="com.demotest.DemoHelloApplicationTests" time="0.222"/>
  <testcase name="testTwo" classname="com.demotest.DemoHelloApplicationTests" time="0.024"/>
</testsuite>